0 info it worked if it ends with ok
1 verbose cli [ '/usr/local/bin/node',
1 verbose cli   '/usr/local/bin/npm',
1 verbose cli   'install',
1 verbose cli   '-g',
1 verbose cli   'localtunnel' ]
2 info using npm@2.14.7
3 info using node@v4.2.2
4 verbose install initial load of /usr/local/lib/package.json
5 verbose readDependencies loading dependencies from /usr/local/lib/package.json
6 silly cache add args [ 'localtunnel', null ]
7 verbose cache add spec localtunnel
8 silly cache add parsed spec Result {
8 silly cache add   raw: 'localtunnel',
8 silly cache add   scope: null,
8 silly cache add   name: 'localtunnel',
8 silly cache add   rawSpec: '',
8 silly cache add   spec: '*',
8 silly cache add   type: 'range' }
9 silly addNamed localtunnel@*
10 verbose addNamed "*" is a valid semver range for localtunnel
11 silly addNameRange { name: 'localtunnel', range: '*', hasData: false }
12 silly mapToRegistry name localtunnel
13 silly mapToRegistry using default registry
14 silly mapToRegistry registry https://registry.npmjs.org/
15 silly mapToRegistry uri https://registry.npmjs.org/localtunnel
16 verbose addNameRange registry:https://registry.npmjs.org/localtunnel not in flight; fetching
17 verbose request uri https://registry.npmjs.org/localtunnel
18 verbose request no auth needed
19 info attempt registry request try #1 at 12:14:39 PM
20 verbose request id 915de5d58b25e0b1
21 http request GET https://registry.npmjs.org/localtunnel
22 http 200 https://registry.npmjs.org/localtunnel
23 verbose headers { server: 'CouchDB/1.5.0 (Erlang OTP/R16B03)',
23 verbose headers   etag: '"22CWURJO1Y27CXQIMU6BW5DNS"',
23 verbose headers   'content-type': 'application/json',
23 verbose headers   'content-encoding': 'gzip',
23 verbose headers   'cache-control': 'max-age=300',
23 verbose headers   'content-length': '4936',
23 verbose headers   'accept-ranges': 'bytes',
23 verbose headers   date: 'Fri, 15 Apr 2016 18:14:40 GMT',
23 verbose headers   via: '1.1 varnish',
23 verbose headers   age: '195',
23 verbose headers   connection: 'keep-alive',
23 verbose headers   'x-served-by': 'cache-fra1248-FRA',
23 verbose headers   'x-cache': 'HIT',
23 verbose headers   'x-cache-hits': '1',
23 verbose headers   'x-timer': 'S1460744080.730102,VS0,VE0',
23 verbose headers   vary: 'Accept-Encoding' }
24 silly get cb [ 200,
24 silly get   { server: 'CouchDB/1.5.0 (Erlang OTP/R16B03)',
24 silly get     etag: '"22CWURJO1Y27CXQIMU6BW5DNS"',
24 silly get     'content-type': 'application/json',
24 silly get     'content-encoding': 'gzip',
24 silly get     'cache-control': 'max-age=300',
24 silly get     'content-length': '4936',
24 silly get     'accept-ranges': 'bytes',
24 silly get     date: 'Fri, 15 Apr 2016 18:14:40 GMT',
24 silly get     via: '1.1 varnish',
24 silly get     age: '195',
24 silly get     connection: 'keep-alive',
24 silly get     'x-served-by': 'cache-fra1248-FRA',
24 silly get     'x-cache': 'HIT',
24 silly get     'x-cache-hits': '1',
24 silly get     'x-timer': 'S1460744080.730102,VS0,VE0',
24 silly get     vary: 'Accept-Encoding' } ]
25 verbose get saving localtunnel to /Users/ricardo/.npm/registry.npmjs.org/localtunnel/.cache.json
26 silly addNameRange number 2 { name: 'localtunnel', range: '*', hasData: true }
27 silly addNameRange versions [ 'localtunnel',
27 silly addNameRange   [ '0.0.0',
27 silly addNameRange     '0.0.1',
27 silly addNameRange     '0.0.2',
27 silly addNameRange     '0.0.3',
27 silly addNameRange     '0.0.4',
27 silly addNameRange     '0.1.0',
27 silly addNameRange     '0.1.1',
27 silly addNameRange     '0.1.2',
27 silly addNameRange     '0.1.3',
27 silly addNameRange     '0.2.0',
27 silly addNameRange     '0.2.1',
27 silly addNameRange     '0.2.2',
27 silly addNameRange     '1.0.0',
27 silly addNameRange     '1.1.0',
27 silly addNameRange     '1.1.1',
27 silly addNameRange     '1.1.2',
27 silly addNameRange     '1.2.0',
27 silly addNameRange     '1.3.0',
27 silly addNameRange     '1.4.0',
27 silly addNameRange     '1.5.0',
27 silly addNameRange     '1.5.1',
27 silly addNameRange     '1.6.0',
27 silly addNameRange     '1.7.0',
27 silly addNameRange     '1.8.0',
27 silly addNameRange     '1.8.1' ] ]
28 silly addNamed localtunnel@1.8.1
29 verbose addNamed "1.8.1" is a plain semver version for localtunnel
30 silly mapToRegistry name localtunnel
31 silly mapToRegistry using default registry
32 silly mapToRegistry registry https://registry.npmjs.org/
33 silly mapToRegistry uri https://registry.npmjs.org/localtunnel
34 verbose addRemoteTarball https://registry.npmjs.org/localtunnel/-/localtunnel-1.8.1.tgz not in flight; adding
35 verbose addRemoteTarball [ 'https://registry.npmjs.org/localtunnel/-/localtunnel-1.8.1.tgz',
35 verbose addRemoteTarball   'd51b2bb7a7066afb05b57fc9db844015098f2e17' ]
36 info retry fetch attempt 1 at 12:14:40 PM
37 info attempt registry request try #1 at 12:14:40 PM
38 http fetch GET https://registry.npmjs.org/localtunnel/-/localtunnel-1.8.1.tgz
39 http fetch 200 https://registry.npmjs.org/localtunnel/-/localtunnel-1.8.1.tgz
40 silly fetchAndShaCheck shasum d51b2bb7a7066afb05b57fc9db844015098f2e17
41 verbose addTmpTarball /var/folders/gp/p03bg2p14v90_5bgdryrd8340000gn/T/npm-44550-841a2594/registry.npmjs.org/localtunnel/-/localtunnel-1.8.1.tgz not in flight; adding
42 verbose addTmpTarball already have metadata; skipping unpack for localtunnel@1.8.1
43 silly cache afterAdd localtunnel@1.8.1
44 verbose afterAdd /Users/ricardo/.npm/localtunnel/1.8.1/package/package.json not in flight; writing
45 verbose afterAdd /Users/ricardo/.npm/localtunnel/1.8.1/package/package.json written
46 silly install resolved [ { author: { name: 'Roman Shtylman', email: 'shtylman@gmail.com' },
46 silly install resolved     name: 'localtunnel',
46 silly install resolved     description: 'expose localhost to the world',
46 silly install resolved     version: '1.8.1',
46 silly install resolved     license: 'MIT',
46 silly install resolved     repository:
46 silly install resolved      { type: 'git',
46 silly install resolved        url: 'git://github.com/shtylman/localtunnel.git' },
46 silly install resolved     dependencies:
46 silly install resolved      { request: '2.65.0',
46 silly install resolved        yargs: '3.29.0',
46 silly install resolved        debug: '2.2.0',
46 silly install resolved        openurl: '1.1.0' },
46 silly install resolved     devDependencies: { mocha: '~1.17.0' },
46 silly install resolved     scripts: { test: 'mocha --ui qunit --reporter list --timeout 10000 -- test/index.js' },
46 silly install resolved     bin: { lt: './bin/client' },
46 silly install resolved     main: './client.js',
46 silly install resolved     gitHead: '4ae493ae44265f148fea4d536400994652ce1470',
46 silly install resolved     bugs: { url: 'https://github.com/shtylman/localtunnel/issues' },
46 silly install resolved     homepage: 'https://github.com/shtylman/localtunnel#readme',
46 silly install resolved     _id: 'localtunnel@1.8.1',
46 silly install resolved     _shasum: 'd51b2bb7a7066afb05b57fc9db844015098f2e17',
46 silly install resolved     _from: 'localtunnel@*',
46 silly install resolved     _npmVersion: '3.3.12',
46 silly install resolved     _nodeVersion: '5.4.1',
46 silly install resolved     _npmUser: { name: 'defunctzombie', email: 'shtylman@gmail.com' },
46 silly install resolved     dist:
46 silly install resolved      { shasum: 'd51b2bb7a7066afb05b57fc9db844015098f2e17',
46 silly install resolved        tarball: 'https://registry.npmjs.org/localtunnel/-/localtunnel-1.8.1.tgz' },
46 silly install resolved     maintainers: [ [Object] ],
46 silly install resolved     directories: {},
46 silly install resolved     _resolved: 'https://registry.npmjs.org/localtunnel/-/localtunnel-1.8.1.tgz' } ]
47 info install localtunnel@1.8.1 into /usr/local/lib
48 info installOne localtunnel@1.8.1
49 verbose installOne of localtunnel to /usr/local/lib not in flight; installing
50 verbose lock using /Users/ricardo/.npm/_locks/localtunnel-7dc996a9645fd287.lock for /usr/local/lib/node_modules/localtunnel
51 silly install write writing localtunnel 1.8.1 to /usr/local/lib/node_modules/localtunnel
52 verbose unbuild lib/node_modules/localtunnel
53 silly gentlyRm /usr/local/lib/node_modules/localtunnel is being purged from base /usr/local
54 verbose gentlyRm don't care about contents; nuking /usr/local/lib/node_modules/localtunnel
55 verbose tar unpack /Users/ricardo/.npm/localtunnel/1.8.1/package.tgz
56 verbose tar unpacking to /usr/local/lib/node_modules/localtunnel
57 silly gentlyRm /usr/local/lib/node_modules/localtunnel is being purged
58 verbose gentlyRm don't care about contents; nuking /usr/local/lib/node_modules/localtunnel
59 silly gunzTarPerm modes [ '755', '644' ]
60 error tar.unpack untar error /Users/ricardo/.npm/localtunnel/1.8.1/package.tgz
61 verbose unlock done using /Users/ricardo/.npm/_locks/localtunnel-7dc996a9645fd287.lock for /usr/local/lib/node_modules/localtunnel
62 verbose fstream_path /usr/local/lib/node_modules/localtunnel
63 verbose fstream_type Directory
64 verbose fstream_class DirWriter
65 verbose stack Error: EACCES: permission denied, mkdir '/usr/local/lib/node_modules/localtunnel'
65 verbose stack     at Error (native)
66 verbose fstream_stack /usr/local/lib/node_modules/npm/node_modules/fstream/lib/dir-writer.js:35:25
66 verbose fstream_stack /usr/local/lib/node_modules/npm/node_modules/mkdirp/index.js:47:53
66 verbose fstream_stack FSReqWrap.oncomplete (fs.js:82:15)
67 verbose cwd /Users/ricardo/fi/estilista2
68 error Darwin 15.3.0
69 error argv "/usr/local/bin/node" "/usr/local/bin/npm" "install" "-g" "localtunnel"
70 error node v4.2.2
71 error npm  v2.14.7
72 error path /usr/local/lib/node_modules/localtunnel
73 error code EACCES
74 error errno -13
75 error syscall mkdir
76 error Error: EACCES: permission denied, mkdir '/usr/local/lib/node_modules/localtunnel'
76 error     at Error (native)
76 error  { [Error: EACCES: permission denied, mkdir '/usr/local/lib/node_modules/localtunnel']
76 error   errno: -13,
76 error   code: 'EACCES',
76 error   syscall: 'mkdir',
76 error   path: '/usr/local/lib/node_modules/localtunnel',
76 error   fstream_type: 'Directory',
76 error   fstream_path: '/usr/local/lib/node_modules/localtunnel',
76 error   fstream_class: 'DirWriter',
76 error   fstream_stack:
76 error    [ '/usr/local/lib/node_modules/npm/node_modules/fstream/lib/dir-writer.js:35:25',
76 error      '/usr/local/lib/node_modules/npm/node_modules/mkdirp/index.js:47:53',
76 error      'FSReqWrap.oncomplete (fs.js:82:15)' ] }
77 error Please try running this command again as root/Administrator.
78 verbose exit [ -13, true ]
79 verbose unbuild lib/node_modules/localtunnel
80 silly gentlyRm /usr/local/lib/node_modules/localtunnel is being purged from base /usr/local
81 verbose gentlyRm don't care about contents; nuking /usr/local/lib/node_modules/localtunnel
